<?xml version="1.0" encoding="UTF-8"?>
<testng-results ignored="0" total="1" passed="1" failed="0" skipped="0">
  <reporter-output>
  </reporter-output>
  <suite started-at="2024-08-04T17:39:28 IST" name="Suite" finished-at="2024-08-04T17:39:37 IST" duration-ms="9416">
    <groups>
    </groups>
    <test started-at="2024-08-04T17:39:28 IST" name="Test" finished-at="2024-08-04T17:39:37 IST" duration-ms="9416">
      <class name="com.test.base.firstTest">
        <test-method is-config="true" signature="initializeDriver(org.testng.ITestContext)[pri:0, instance:com.test.base.firstTest@75d3a5e0]" started-at="2024-08-04T17:39:28 IST" name="initializeDriver" finished-at="2024-08-04T17:39:28 IST" duration-ms="18" status="PASS">
          <params>
            <param index="0">
              <value>
                <![CDATA[org.testng.TestRunner@660591fb]]>
              </value>
            </param>
          </params>
          <reporter-output>
          </reporter-output>
        </test-method> <!-- initializeDriver -->
        <test-method is-config="true" signature="beforeClass()[pri:0, instance:com.test.base.firstTest@75d3a5e0]" started-at="2024-08-04T17:39:28 IST" name="beforeClass" finished-at="2024-08-04T17:39:35 IST" duration-ms="7203" status="PASS">
          <reporter-output>
          </reporter-output>
        </test-method> <!-- beforeClass -->
        <test-method signature="f()[pri:0, instance:com.test.base.firstTest@75d3a5e0]" started-at="2024-08-04T17:39:35 IST" name="f" finished-at="2024-08-04T17:39:37 IST" duration-ms="1486" status="PASS">
          <reporter-output>
          </reporter-output>
        </test-method> <!-- f -->
        <test-method is-config="true" signature="closeDriver()[pri:0, instance:com.test.base.firstTest@75d3a5e0]" started-at="2024-08-04T17:39:37 IST" name="closeDriver" finished-at="2024-08-04T17:39:37 IST" duration-ms="647" status="PASS">
          <reporter-output>
          </reporter-output>
        </test-method> <!-- closeDriver -->
      </class> <!-- com.test.base.firstTest -->
    </test> <!-- Test -->
  </suite> <!-- Suite -->
</testng-results>
